<?xml version="1.0" encoding="UTF-8"?>
<!-- Generated by org.testng.reporters.JUnitReportReporter -->
<testsuite hostname="DESKTOP-2KAQHNH" failures="0" tests="2" name="MainTest" time="29.265" errors="0" timestamp="07 Jul 2018 12:17:28 GMT" skipped="0">
  <testcase classname="MainTest" name="testNGTest" time="16.808"/>
  <testcase classname="MainTest" name="testNGTest2" time="12.457"/>
</testsuite> <!-- MainTest -->
