<?xml version="1.0" encoding="UTF-8"?>
<!-- Generated by org.testng.reporters.JUnitReportReporter -->
<testsuite skipped="0" hostname="DESKTOP-3G80TKI" name="test.java.Tests.MainTest" tests="1" failures="0" timestamp="13 Nov 2019 12:51:26 GMT" time="39.171" errors="0">
  <testcase name="testNGTest" time="39.171" classname="test.java.Tests.MainTest"/>
</testsuite> <!-- test.java.Tests.MainTest -->
