<?xml version="1.0" encoding="UTF-8"?>
<!-- Generated by org.testng.reporters.JUnitReportReporter -->
<testsuite hostname="DESKTOP-2KAQHNH" failures="0" tests="2" name="Tests.MainTest" time="13.435" errors="0" timestamp="07 Jul 2018 14:27:19 GMT" skipped="0">
  <testcase classname="Tests.MainTest" name="testNGTest2" time="6.775"/>
  <testcase classname="Tests.MainTest" name="testNGTest" time="6.660"/>
</testsuite> <!-- Tests.MainTest -->
