<?xml version="1.0" encoding="UTF-8"?>
<!-- Generated by org.testng.reporters.JUnitReportReporter -->
<testsuite hostname="DESKTOP-2KAQHNH" failures="0" tests="1" name="Test1" time="3.133" errors="0" timestamp="07 Jul 2018 06:42:46 GMT" skipped="0">
  <testcase classname="Test1" name="mainTest" time="3.133"/>
</testsuite> <!-- Test1 -->
